[2023-10-12 19:02:54] production.ERROR: cURL error 60: SSL certificate problem: unable to get local issuer certificate (see https://curl.haxx.se/libcurl/c/libcurl-errors.html) for https://api.pwnedpasswords.com/range/7534E {"exception":"[object] (GuzzleHttp\\Exception\\RequestException(code: 0): cURL error 60: SSL certificate problem: unable to get local issuer certificate (see https://curl.haxx.se/libcurl/c/libcurl-errors.html) for https://api.pwnedpasswords.com/range/7534E at C:\\Users\\ronny\\Downloads\\codecanyon-Q9jOaXmV-booking-core-ultimate-booking-system (1)\\booking-core.3.4.0\\BookingCore.3.4.0\\vendor\\guzzlehttp\\guzzle\\src\\Handler\\CurlFactory.php:211)
[stacktrace]
#0 C:\\Users\\ronny\\Downloads\\codecanyon-Q9jOaXmV-booking-core-ultimate-booking-system (1)\\booking-core.3.4.0\\BookingCore.3.4.0\\vendor\\guzzlehttp\\guzzle\\src\\Handler\\CurlFactory.php(158): GuzzleHttp\\Handler\\CurlFactory::createRejection()
#1 C:\\Users\\ronny\\Downloads\\codecanyon-Q9jOaXmV-booking-core-ultimate-booking-system (1)\\booking-core.3.4.0\\BookingCore.3.4.0\\vendor\\guzzlehttp\\guzzle\\src\\Handler\\CurlFactory.php(110): GuzzleHttp\\Handler\\CurlFactory::finishError()
#2 C:\\Users\\ronny\\Downloads\\codecanyon-Q9jOaXmV-booking-core-ultimate-booking-system (1)\\booking-core.3.4.0\\BookingCore.3.4.0\\vendor\\guzzlehttp\\guzzle\\src\\Handler\\CurlHandler.php(47): GuzzleHttp\\Handler\\CurlFactory::finish()
#3 C:\\Users\\ronny\\Downloads\\codecanyon-Q9jOaXmV-booking-core-ultimate-booking-system (1)\\booking-core.3.4.0\\BookingCore.3.4.0\\vendor\\guzzlehttp\\guzzle\\src\\Handler\\Proxy.php(28): GuzzleHttp\\Handler\\CurlHandler->__invoke()
#4 C:\\Users\\ronny\\Downloads\\codecanyon-Q9jOaXmV-booking-core-ultimate-booking-system (1)\\booking-core.3.4.0\\BookingCore.3.4.0\\vendor\\guzzlehttp\\guzzle\\src\\Handler\\Proxy.php(48): GuzzleHttp\\Handler\\Proxy::GuzzleHttp\\Handler\\{closure}()
#5 C:\\Users\\ronny\\Downloads\\codecanyon-Q9jOaXmV-booking-core-ultimate-booking-system (1)\\booking-core.3.4.0\\BookingCore.3.4.0\\vendor\\laravel\\framework\\src\\Illuminate\\Http\\Client\\PendingRequest.php(1150): GuzzleHttp\\Handler\\Proxy::GuzzleHttp\\Handler\\{closure}()
#6 C:\\Users\\ronny\\Downloads\\codecanyon-Q9jOaXmV-booking-core-ultimate-booking-system (1)\\booking-core.3.4.0\\BookingCore.3.4.0\\vendor\\laravel\\framework\\src\\Illuminate\\Http\\Client\\PendingRequest.php(1116): Illuminate\\Http\\Client\\PendingRequest->Illuminate\\Http\\Client\\{closure}()
#7 C:\\Users\\ronny\\Downloads\\codecanyon-Q9jOaXmV-booking-core-ultimate-booking-system (1)\\booking-core.3.4.0\\BookingCore.3.4.0\\vendor\\laravel\\framework\\src\\Illuminate\\Http\\Client\\PendingRequest.php(1102): Illuminate\\Http\\Client\\PendingRequest->Illuminate\\Http\\Client\\{closure}()
#8 C:\\Users\\ronny\\Downloads\\codecanyon-Q9jOaXmV-booking-core-ultimate-booking-system (1)\\booking-core.3.4.0\\BookingCore.3.4.0\\vendor\\guzzlehttp\\guzzle\\src\\PrepareBodyMiddleware.php(35): Illuminate\\Http\\Client\\PendingRequest->Illuminate\\Http\\Client\\{closure}()
#9 C:\\Users\\ronny\\Downloads\\codecanyon-Q9jOaXmV-booking-core-ultimate-booking-system (1)\\booking-core.3.4.0\\BookingCore.3.4.0\\vendor\\guzzlehttp\\guzzle\\src\\Middleware.php(38): GuzzleHttp\\PrepareBodyMiddleware->__invoke()
#10 C:\\Users\\ronny\\Downloads\\codecanyon-Q9jOaXmV-booking-core-ultimate-booking-system (1)\\booking-core.3.4.0\\BookingCore.3.4.0\\vendor\\guzzlehttp\\guzzle\\src\\RedirectMiddleware.php(71): GuzzleHttp\\Middleware::GuzzleHttp\\{closure}()
#11 C:\\Users\\ronny\\Downloads\\codecanyon-Q9jOaXmV-booking-core-ultimate-booking-system (1)\\booking-core.3.4.0\\BookingCore.3.4.0\\vendor\\guzzlehttp\\guzzle\\src\\Middleware.php(63): GuzzleHttp\\RedirectMiddleware->__invoke()
#12 C:\\Users\\ronny\\Downloads\\codecanyon-Q9jOaXmV-booking-core-ultimate-booking-system (1)\\booking-core.3.4.0\\BookingCore.3.4.0\\vendor\\guzzlehttp\\guzzle\\src\\HandlerStack.php(75): GuzzleHttp\\Middleware::GuzzleHttp\\{closure}()
#13 C:\\Users\\ronny\\Downloads\\codecanyon-Q9jOaXmV-booking-core-ultimate-booking-system (1)\\booking-core.3.4.0\\BookingCore.3.4.0\\vendor\\guzzlehttp\\guzzle\\src\\Client.php(333): GuzzleHttp\\HandlerStack->__invoke()
#14 C:\\Users\\ronny\\Downloads\\codecanyon-Q9jOaXmV-booking-core-ultimate-booking-system (1)\\booking-core.3.4.0\\BookingCore.3.4.0\\vendor\\guzzlehttp\\guzzle\\src\\Client.php(169): GuzzleHttp\\Client->transfer()
#15 C:\\Users\\ronny\\Downloads\\codecanyon-Q9jOaXmV-booking-core-ultimate-booking-system (1)\\booking-core.3.4.0\\BookingCore.3.4.0\\vendor\\guzzlehttp\\guzzle\\src\\Client.php(189): GuzzleHttp\\Client->requestAsync()
#16 C:\\Users\\ronny\\Downloads\\codecanyon-Q9jOaXmV-booking-core-ultimate-booking-system (1)\\booking-core.3.4.0\\BookingCore.3.4.0\\vendor\\laravel\\framework\\src\\Illuminate\\Http\\Client\\PendingRequest.php(961): GuzzleHttp\\Client->request()
#17 C:\\Users\\ronny\\Downloads\\codecanyon-Q9jOaXmV-booking-core-ultimate-booking-system (1)\\booking-core.3.4.0\\BookingCore.3.4.0\\vendor\\laravel\\framework\\src\\Illuminate\\Http\\Client\\PendingRequest.php(823): Illuminate\\Http\\Client\\PendingRequest->sendRequest()
#18 C:\\Users\\ronny\\Downloads\\codecanyon-Q9jOaXmV-booking-core-ultimate-booking-system (1)\\booking-core.3.4.0\\BookingCore.3.4.0\\vendor\\laravel\\framework\\src\\Illuminate\\Support\\helpers.php(247): Illuminate\\Http\\Client\\PendingRequest->Illuminate\\Http\\Client\\{closure}()
#19 C:\\Users\\ronny\\Downloads\\codecanyon-Q9jOaXmV-booking-core-ultimate-booking-system (1)\\booking-core.3.4.0\\BookingCore.3.4.0\\vendor\\laravel\\framework\\src\\Illuminate\\Http\\Client\\PendingRequest.php(821): retry()
#20 C:\\Users\\ronny\\Downloads\\codecanyon-Q9jOaXmV-booking-core-ultimate-booking-system (1)\\booking-core.3.4.0\\BookingCore.3.4.0\\vendor\\laravel\\framework\\src\\Illuminate\\Http\\Client\\PendingRequest.php(699): Illuminate\\Http\\Client\\PendingRequest->send()
#21 C:\\Users\\ronny\\Downloads\\codecanyon-Q9jOaXmV-booking-core-ultimate-booking-system (1)\\booking-core.3.4.0\\BookingCore.3.4.0\\vendor\\laravel\\framework\\src\\Illuminate\\Validation\\NotPwnedVerifier.php(89): Illuminate\\Http\\Client\\PendingRequest->get()
#22 C:\\Users\\ronny\\Downloads\\codecanyon-Q9jOaXmV-booking-core-ultimate-booking-system (1)\\booking-core.3.4.0\\BookingCore.3.4.0\\vendor\\laravel\\framework\\src\\Illuminate\\Validation\\NotPwnedVerifier.php(55): Illuminate\\Validation\\NotPwnedVerifier->search()
#23 C:\\Users\\ronny\\Downloads\\codecanyon-Q9jOaXmV-booking-core-ultimate-booking-system (1)\\booking-core.3.4.0\\BookingCore.3.4.0\\vendor\\laravel\\framework\\src\\Illuminate\\Validation\\Rules\\Password.php(336): Illuminate\\Validation\\NotPwnedVerifier->verify()
#24 C:\\Users\\ronny\\Downloads\\codecanyon-Q9jOaXmV-booking-core-ultimate-booking-system (1)\\booking-core.3.4.0\\BookingCore.3.4.0\\vendor\\laravel\\framework\\src\\Illuminate\\Validation\\Validator.php(819): Illuminate\\Validation\\Rules\\Password->passes()
#25 C:\\Users\\ronny\\Downloads\\codecanyon-Q9jOaXmV-booking-core-ultimate-booking-system (1)\\booking-core.3.4.0\\BookingCore.3.4.0\\vendor\\laravel\\framework\\src\\Illuminate\\Validation\\Validator.php(610): Illuminate\\Validation\\Validator->validateUsingCustomRule()
#26 C:\\Users\\ronny\\Downloads\\codecanyon-Q9jOaXmV-booking-core-ultimate-booking-system (1)\\booking-core.3.4.0\\BookingCore.3.4.0\\vendor\\laravel\\framework\\src\\Illuminate\\Validation\\Validator.php(422): Illuminate\\Validation\\Validator->validateAttribute()
#27 C:\\Users\\ronny\\Downloads\\codecanyon-Q9jOaXmV-booking-core-ultimate-booking-system (1)\\booking-core.3.4.0\\BookingCore.3.4.0\\vendor\\laravel\\framework\\src\\Illuminate\\Validation\\Validator.php(453): Illuminate\\Validation\\Validator->passes()
#28 C:\\Users\\ronny\\Downloads\\codecanyon-Q9jOaXmV-booking-core-ultimate-booking-system (1)\\booking-core.3.4.0\\BookingCore.3.4.0\\modules\\Core\\Installer\\EnvironmentController.php(32): Illuminate\\Validation\\Validator->fails()
#29 C:\\Users\\ronny\\Downloads\\codecanyon-Q9jOaXmV-booking-core-ultimate-booking-system (1)\\booking-core.3.4.0\\BookingCore.3.4.0\\vendor\\laravel\\framework\\src\\Illuminate\\Routing\\Controller.php(54): Modules\\Core\\Installer\\EnvironmentController->saveWizard()
#30 C:\\Users\\ronny\\Downloads\\codecanyon-Q9jOaXmV-booking-core-ultimate-booking-system (1)\\booking-core.3.4.0\\BookingCore.3.4.0\\vendor\\laravel\\framework\\src\\Illuminate\\Routing\\ControllerDispatcher.php(43): Illuminate\\Routing\\Controller->callAction()
#31 C:\\Users\\ronny\\Downloads\\codecanyon-Q9jOaXmV-booking-core-ultimate-booking-system (1)\\booking-core.3.4.0\\BookingCore.3.4.0\\vendor\\laravel\\framework\\src\\Illuminate\\Routing\\Route.php(259): Illuminate\\Routing\\ControllerDispatcher->dispatch()
#32 C:\\Users\\ronny\\Downloads\\codecanyon-Q9jOaXmV-booking-core-ultimate-booking-system (1)\\booking-core.3.4.0\\BookingCore.3.4.0\\vendor\\laravel\\framework\\src\\Illuminate\\Routing\\Route.php(205): Illuminate\\Routing\\Route->runController()
#33 C:\\Users\\ronny\\Downloads\\codecanyon-Q9jOaXmV-booking-core-ultimate-booking-system (1)\\booking-core.3.4.0\\BookingCore.3.4.0\\vendor\\laravel\\framework\\src\\Illuminate\\Routing\\Router.php(798): Illuminate\\Routing\\Route->run()
#34 C:\\Users\\ronny\\Downloads\\codecanyon-Q9jOaXmV-booking-core-ultimate-booking-system (1)\\booking-core.3.4.0\\BookingCore.3.4.0\\vendor\\laravel\\framework\\src\\Illuminate\\Pipeline\\Pipeline.php(141): Illuminate\\Routing\\Router->Illuminate\\Routing\\{closure}()
#35 C:\\Users\\ronny\\Downloads\\codecanyon-Q9jOaXmV-booking-core-ultimate-booking-system (1)\\booking-core.3.4.0\\BookingCore.3.4.0\\vendor\\rachidlaasri\\laravel-installer\\src\\Middleware\\canInstall.php(48): Illuminate\\Pipeline\\Pipeline->Illuminate\\Pipeline\\{closure}()
#36 C:\\Users\\ronny\\Downloads\\codecanyon-Q9jOaXmV-booking-core-ultimate-booking-system (1)\\booking-core.3.4.0\\BookingCore.3.4.0\\vendor\\laravel\\framework\\src\\Illuminate\\Pipeline\\Pipeline.php(180): RachidLaasri\\LaravelInstaller\\Middleware\\canInstall->handle()
#37 C:\\Users\\ronny\\Downloads\\codecanyon-Q9jOaXmV-booking-core-ultimate-booking-system (1)\\booking-core.3.4.0\\BookingCore.3.4.0\\app\\Http\\Middleware\\RequireChangePassword.php(41): Illuminate\\Pipeline\\Pipeline->Illuminate\\Pipeline\\{closure}()
#38 C:\\Users\\ronny\\Downloads\\codecanyon-Q9jOaXmV-booking-core-ultimate-booking-system (1)\\booking-core.3.4.0\\BookingCore.3.4.0\\vendor\\laravel\\framework\\src\\Illuminate\\Pipeline\\Pipeline.php(180): App\\Http\\Middleware\\RequireChangePassword->handle()
#39 C:\\Users\\ronny\\Downloads\\codecanyon-Q9jOaXmV-booking-core-ultimate-booking-system (1)\\booking-core.3.4.0\\BookingCore.3.4.0\\app\\Http\\Middleware\\SetLanguageForAdmin.php(37): Illuminate\\Pipeline\\Pipeline->Illuminate\\Pipeline\\{closure}()
#40 C:\\Users\\ronny\\Downloads\\codecanyon-Q9jOaXmV-booking-core-ultimate-booking-system (1)\\booking-core.3.4.0\\BookingCore.3.4.0\\vendor\\laravel\\framework\\src\\Illuminate\\Pipeline\\Pipeline.php(180): App\\Http\\Middleware\\SetLanguageForAdmin->handle()
#41 C:\\Users\\ronny\\Downloads\\codecanyon-Q9jOaXmV-booking-core-ultimate-booking-system (1)\\booking-core.3.4.0\\BookingCore.3.4.0\\app\\Http\\Middleware\\SetCurrentCurrency.php(48): Illuminate\\Pipeline\\Pipeline->Illuminate\\Pipeline\\{closure}()
#42 C:\\Users\\ronny\\Downloads\\codecanyon-Q9jOaXmV-booking-core-ultimate-booking-system (1)\\booking-core.3.4.0\\BookingCore.3.4.0\\vendor\\laravel\\framework\\src\\Illuminate\\Pipeline\\Pipeline.php(180): App\\Http\\Middleware\\SetCurrentCurrency->handle()
#43 C:\\Users\\ronny\\Downloads\\codecanyon-Q9jOaXmV-booking-core-ultimate-booking-system (1)\\booking-core.3.4.0\\BookingCore.3.4.0\\app\\Http\\Middleware\\HideDebugbar.php(32): Illuminate\\Pipeline\\Pipeline->Illuminate\\Pipeline\\{closure}()
#44 C:\\Users\\ronny\\Downloads\\codecanyon-Q9jOaXmV-booking-core-ultimate-booking-system (1)\\booking-core.3.4.0\\BookingCore.3.4.0\\vendor\\laravel\\framework\\src\\Illuminate\\Pipeline\\Pipeline.php(180): App\\Http\\Middleware\\HideDebugbar->handle()
#45 C:\\Users\\ronny\\Downloads\\codecanyon-Q9jOaXmV-booking-core-ultimate-booking-system (1)\\booking-core.3.4.0\\BookingCore.3.4.0\\app\\Http\\Middleware\\RedirectForMultiLanguage.php(58): Illuminate\\Pipeline\\Pipeline->Illuminate\\Pipeline\\{closure}()
#46 C:\\Users\\ronny\\Downloads\\codecanyon-Q9jOaXmV-booking-core-ultimate-booking-system (1)\\booking-core.3.4.0\\BookingCore.3.4.0\\vendor\\laravel\\framework\\src\\Illuminate\\Pipeline\\Pipeline.php(180): App\\Http\\Middleware\\RedirectForMultiLanguage->handle()
#47 C:\\Users\\ronny\\Downloads\\codecanyon-Q9jOaXmV-booking-core-ultimate-booking-system (1)\\booking-core.3.4.0\\BookingCore.3.4.0\\vendor\\laravel\\framework\\src\\Illuminate\\Routing\\Middleware\\SubstituteBindings.php(50): Illuminate\\Pipeline\\Pipeline->Illuminate\\Pipeline\\{closure}()
#48 C:\\Users\\ronny\\Downloads\\codecanyon-Q9jOaXmV-booking-core-ultimate-booking-system (1)\\booking-core.3.4.0\\BookingCore.3.4.0\\vendor\\laravel\\framework\\src\\Illuminate\\Pipeline\\Pipeline.php(180): Illuminate\\Routing\\Middleware\\SubstituteBindings->handle()
#49 C:\\Users\\ronny\\Downloads\\codecanyon-Q9jOaXmV-booking-core-ultimate-booking-system (1)\\booking-core.3.4.0\\BookingCore.3.4.0\\vendor\\laravel\\framework\\src\\Illuminate\\Foundation\\Http\\Middleware\\VerifyCsrfToken.php(78): Illuminate\\Pipeline\\Pipeline->Illuminate\\Pipeline\\{closure}()
#50 C:\\Users\\ronny\\Downloads\\codecanyon-Q9jOaXmV-booking-core-ultimate-booking-system (1)\\booking-core.3.4.0\\BookingCore.3.4.0\\vendor\\laravel\\framework\\src\\Illuminate\\Pipeline\\Pipeline.php(180): Illuminate\\Foundation\\Http\\Middleware\\VerifyCsrfToken->handle()
#51 C:\\Users\\ronny\\Downloads\\codecanyon-Q9jOaXmV-booking-core-ultimate-booking-system (1)\\booking-core.3.4.0\\BookingCore.3.4.0\\vendor\\laravel\\framework\\src\\Illuminate\\View\\Middleware\\ShareErrorsFromSession.php(49): Illuminate\\Pipeline\\Pipeline->Illuminate\\Pipeline\\{closure}()
#52 C:\\Users\\ronny\\Downloads\\codecanyon-Q9jOaXmV-booking-core-ultimate-booking-system (1)\\booking-core.3.4.0\\BookingCore.3.4.0\\vendor\\laravel\\framework\\src\\Illuminate\\Pipeline\\Pipeline.php(180): Illuminate\\View\\Middleware\\ShareErrorsFromSession->handle()
#53 C:\\Users\\ronny\\Downloads\\codecanyon-Q9jOaXmV-booking-core-ultimate-booking-system (1)\\booking-core.3.4.0\\BookingCore.3.4.0\\vendor\\laravel\\framework\\src\\Illuminate\\Session\\Middleware\\StartSession.php(121): Illuminate\\Pipeline\\Pipeline->Illuminate\\Pipeline\\{closure}()
#54 C:\\Users\\ronny\\Downloads\\codecanyon-Q9jOaXmV-booking-core-ultimate-booking-system (1)\\booking-core.3.4.0\\BookingCore.3.4.0\\vendor\\laravel\\framework\\src\\Illuminate\\Session\\Middleware\\StartSession.php(64): Illuminate\\Session\\Middleware\\StartSession->handleStatefulRequest()
#55 C:\\Users\\ronny\\Downloads\\codecanyon-Q9jOaXmV-booking-core-ultimate-booking-system (1)\\booking-core.3.4.0\\BookingCore.3.4.0\\vendor\\laravel\\framework\\src\\Illuminate\\Pipeline\\Pipeline.php(180): Illuminate\\Session\\Middleware\\StartSession->handle()
#56 C:\\Users\\ronny\\Downloads\\codecanyon-Q9jOaXmV-booking-core-ultimate-booking-system (1)\\booking-core.3.4.0\\BookingCore.3.4.0\\vendor\\laravel\\framework\\src\\Illuminate\\Cookie\\Middleware\\AddQueuedCookiesToResponse.php(37): Illuminate\\Pipeline\\Pipeline->Illuminate\\Pipeline\\{closure}()
#57 C:\\Users\\ronny\\Downloads\\codecanyon-Q9jOaXmV-booking-core-ultimate-booking-system (1)\\booking-core.3.4.0\\BookingCore.3.4.0\\vendor\\laravel\\framework\\src\\Illuminate\\Pipeline\\Pipeline.php(180): Illuminate\\Cookie\\Middleware\\AddQueuedCookiesToResponse->handle()
#58 C:\\Users\\ronny\\Downloads\\codecanyon-Q9jOaXmV-booking-core-ultimate-booking-system (1)\\booking-core.3.4.0\\BookingCore.3.4.0\\vendor\\laravel\\framework\\src\\Illuminate\\Cookie\\Middleware\\EncryptCookies.php(67): Illuminate\\Pipeline\\Pipeline->Illuminate\\Pipeline\\{closure}()
#59 C:\\Users\\ronny\\Downloads\\codecanyon-Q9jOaXmV-booking-core-ultimate-booking-system (1)\\booking-core.3.4.0\\BookingCore.3.4.0\\vendor\\laravel\\framework\\src\\Illuminate\\Pipeline\\Pipeline.php(180): Illuminate\\Cookie\\Middleware\\EncryptCookies->handle()
#60 C:\\Users\\ronny\\Downloads\\codecanyon-Q9jOaXmV-booking-core-ultimate-booking-system (1)\\booking-core.3.4.0\\BookingCore.3.4.0\\vendor\\laravel\\framework\\src\\Illuminate\\Pipeline\\Pipeline.php(116): Illuminate\\Pipeline\\Pipeline->Illuminate\\Pipeline\\{closure}()
#61 C:\\Users\\ronny\\Downloads\\codecanyon-Q9jOaXmV-booking-core-ultimate-booking-system (1)\\booking-core.3.4.0\\BookingCore.3.4.0\\vendor\\laravel\\framework\\src\\Illuminate\\Routing\\Router.php(797): Illuminate\\Pipeline\\Pipeline->then()
#62 C:\\Users\\ronny\\Downloads\\codecanyon-Q9jOaXmV-booking-core-ultimate-booking-system (1)\\booking-core.3.4.0\\BookingCore.3.4.0\\vendor\\laravel\\framework\\src\\Illuminate\\Routing\\Router.php(776): Illuminate\\Routing\\Router->runRouteWithinStack()
#63 C:\\Users\\ronny\\Downloads\\codecanyon-Q9jOaXmV-booking-core-ultimate-booking-system (1)\\booking-core.3.4.0\\BookingCore.3.4.0\\vendor\\laravel\\framework\\src\\Illuminate\\Routing\\Router.php(740): Illuminate\\Routing\\Router->runRoute()
#64 C:\\Users\\ronny\\Downloads\\codecanyon-Q9jOaXmV-booking-core-ultimate-booking-system (1)\\booking-core.3.4.0\\BookingCore.3.4.0\\vendor\\laravel\\framework\\src\\Illuminate\\Routing\\Router.php(729): Illuminate\\Routing\\Router->dispatchToRoute()
#65 C:\\Users\\ronny\\Downloads\\codecanyon-Q9jOaXmV-booking-core-ultimate-booking-system (1)\\booking-core.3.4.0\\BookingCore.3.4.0\\vendor\\laravel\\framework\\src\\Illuminate\\Foundation\\Http\\Kernel.php(190): Illuminate\\Routing\\Router->dispatch()
#66 C:\\Users\\ronny\\Downloads\\codecanyon-Q9jOaXmV-booking-core-ultimate-booking-system (1)\\booking-core.3.4.0\\BookingCore.3.4.0\\vendor\\laravel\\framework\\src\\Illuminate\\Pipeline\\Pipeline.php(141): Illuminate\\Foundation\\Http\\Kernel->Illuminate\\Foundation\\Http\\{closure}()
#67 C:\\Users\\ronny\\Downloads\\codecanyon-Q9jOaXmV-booking-core-ultimate-booking-system (1)\\booking-core.3.4.0\\BookingCore.3.4.0\\themes\\Base\\Core\\Middleware\\RunUpdater.php(74): Illuminate\\Pipeline\\Pipeline->Illuminate\\Pipeline\\{closure}()
#68 C:\\Users\\ronny\\Downloads\\codecanyon-Q9jOaXmV-booking-core-ultimate-booking-system (1)\\booking-core.3.4.0\\BookingCore.3.4.0\\vendor\\laravel\\framework\\src\\Illuminate\\Pipeline\\Pipeline.php(180): Themes\\Base\\Core\\Middleware\\RunUpdater->handle()
#69 C:\\Users\\ronny\\Downloads\\codecanyon-Q9jOaXmV-booking-core-ultimate-booking-system (1)\\booking-core.3.4.0\\BookingCore.3.4.0\\vendor\\barryvdh\\laravel-debugbar\\src\\Middleware\\InjectDebugbar.php(66): Illuminate\\Pipeline\\Pipeline->Illuminate\\Pipeline\\{closure}()
#70 C:\\Users\\ronny\\Downloads\\codecanyon-Q9jOaXmV-booking-core-ultimate-booking-system (1)\\booking-core.3.4.0\\BookingCore.3.4.0\\vendor\\laravel\\framework\\src\\Illuminate\\Pipeline\\Pipeline.php(180): Barryvdh\\Debugbar\\Middleware\\InjectDebugbar->handle()
#71 C:\\Users\\ronny\\Downloads\\codecanyon-Q9jOaXmV-booking-core-ultimate-booking-system (1)\\booking-core.3.4.0\\BookingCore.3.4.0\\vendor\\laravel\\framework\\src\\Illuminate\\Foundation\\Http\\Middleware\\TransformsRequest.php(21): Illuminate\\Pipeline\\Pipeline->Illuminate\\Pipeline\\{closure}()
#72 C:\\Users\\ronny\\Downloads\\codecanyon-Q9jOaXmV-booking-core-ultimate-booking-system (1)\\booking-core.3.4.0\\BookingCore.3.4.0\\vendor\\laravel\\framework\\src\\Illuminate\\Foundation\\Http\\Middleware\\ConvertEmptyStringsToNull.php(31): Illuminate\\Foundation\\Http\\Middleware\\TransformsRequest->handle()
#73 C:\\Users\\ronny\\Downloads\\codecanyon-Q9jOaXmV-booking-core-ultimate-booking-system (1)\\booking-core.3.4.0\\BookingCore.3.4.0\\vendor\\laravel\\framework\\src\\Illuminate\\Pipeline\\Pipeline.php(180): Illuminate\\Foundation\\Http\\Middleware\\ConvertEmptyStringsToNull->handle()
#74 C:\\Users\\ronny\\Downloads\\codecanyon-Q9jOaXmV-booking-core-ultimate-booking-system (1)\\booking-core.3.4.0\\BookingCore.3.4.0\\vendor\\laravel\\framework\\src\\Illuminate\\Foundation\\Http\\Middleware\\TransformsRequest.php(21): Illuminate\\Pipeline\\Pipeline->Illuminate\\Pipeline\\{closure}()
#75 C:\\Users\\ronny\\Downloads\\codecanyon-Q9jOaXmV-booking-core-ultimate-booking-system (1)\\booking-core.3.4.0\\BookingCore.3.4.0\\vendor\\laravel\\framework\\src\\Illuminate\\Foundation\\Http\\Middleware\\TrimStrings.php(40): Illuminate\\Foundation\\Http\\Middleware\\TransformsRequest->handle()
#76 C:\\Users\\ronny\\Downloads\\codecanyon-Q9jOaXmV-booking-core-ultimate-booking-system (1)\\booking-core.3.4.0\\BookingCore.3.4.0\\vendor\\laravel\\framework\\src\\Illuminate\\Pipeline\\Pipeline.php(180): Illuminate\\Foundation\\Http\\Middleware\\TrimStrings->handle()
#77 C:\\Users\\ronny\\Downloads\\codecanyon-Q9jOaXmV-booking-core-ultimate-booking-system (1)\\booking-core.3.4.0\\BookingCore.3.4.0\\vendor\\laravel\\framework\\src\\Illuminate\\Foundation\\Http\\Middleware\\ValidatePostSize.php(27): Illuminate\\Pipeline\\Pipeline->Illuminate\\Pipeline\\{closure}()
#78 C:\\Users\\ronny\\Downloads\\codecanyon-Q9jOaXmV-booking-core-ultimate-booking-system (1)\\booking-core.3.4.0\\BookingCore.3.4.0\\vendor\\laravel\\framework\\src\\Illuminate\\Pipeline\\Pipeline.php(180): Illuminate\\Foundation\\Http\\Middleware\\ValidatePostSize->handle()
#79 C:\\Users\\ronny\\Downloads\\codecanyon-Q9jOaXmV-booking-core-ultimate-booking-system (1)\\booking-core.3.4.0\\BookingCore.3.4.0\\vendor\\laravel\\framework\\src\\Illuminate\\Foundation\\Http\\Middleware\\PreventRequestsDuringMaintenance.php(86): Illuminate\\Pipeline\\Pipeline->Illuminate\\Pipeline\\{closure}()
#80 C:\\Users\\ronny\\Downloads\\codecanyon-Q9jOaXmV-booking-core-ultimate-booking-system (1)\\booking-core.3.4.0\\BookingCore.3.4.0\\vendor\\laravel\\framework\\src\\Illuminate\\Pipeline\\Pipeline.php(180): Illuminate\\Foundation\\Http\\Middleware\\PreventRequestsDuringMaintenance->handle()
#81 C:\\Users\\ronny\\Downloads\\codecanyon-Q9jOaXmV-booking-core-ultimate-booking-system (1)\\booking-core.3.4.0\\BookingCore.3.4.0\\vendor\\laravel\\framework\\src\\Illuminate\\Http\\Middleware\\HandleCors.php(49): Illuminate\\Pipeline\\Pipeline->Illuminate\\Pipeline\\{closure}()
#82 C:\\Users\\ronny\\Downloads\\codecanyon-Q9jOaXmV-booking-core-ultimate-booking-system (1)\\booking-core.3.4.0\\BookingCore.3.4.0\\vendor\\laravel\\framework\\src\\Illuminate\\Pipeline\\Pipeline.php(180): Illuminate\\Http\\Middleware\\HandleCors->handle()
#83 C:\\Users\\ronny\\Downloads\\codecanyon-Q9jOaXmV-booking-core-ultimate-booking-system (1)\\booking-core.3.4.0\\BookingCore.3.4.0\\app\\Http\\Middleware\\RedirectToInstaller.php(40): Illuminate\\Pipeline\\Pipeline->Illuminate\\Pipeline\\{closure}()
#84 C:\\Users\\ronny\\Downloads\\codecanyon-Q9jOaXmV-booking-core-ultimate-booking-system (1)\\booking-core.3.4.0\\BookingCore.3.4.0\\vendor\\laravel\\framework\\src\\Illuminate\\Pipeline\\Pipeline.php(180): App\\Http\\Middleware\\RedirectToInstaller->handle()
#85 C:\\Users\\ronny\\Downloads\\codecanyon-Q9jOaXmV-booking-core-ultimate-booking-system (1)\\booking-core.3.4.0\\BookingCore.3.4.0\\vendor\\laravel\\framework\\src\\Illuminate\\Http\\Middleware\\TrustProxies.php(39): Illuminate\\Pipeline\\Pipeline->Illuminate\\Pipeline\\{closure}()
#86 C:\\Users\\ronny\\Downloads\\codecanyon-Q9jOaXmV-booking-core-ultimate-booking-system (1)\\booking-core.3.4.0\\BookingCore.3.4.0\\vendor\\laravel\\framework\\src\\Illuminate\\Pipeline\\Pipeline.php(180): Illuminate\\Http\\Middleware\\TrustProxies->handle()
#87 C:\\Users\\ronny\\Downloads\\codecanyon-Q9jOaXmV-booking-core-ultimate-booking-system (1)\\booking-core.3.4.0\\BookingCore.3.4.0\\vendor\\laravel\\framework\\src\\Illuminate\\Pipeline\\Pipeline.php(116): Illuminate\\Pipeline\\Pipeline->Illuminate\\Pipeline\\{closure}()
#88 C:\\Users\\ronny\\Downloads\\codecanyon-Q9jOaXmV-booking-core-ultimate-booking-system (1)\\booking-core.3.4.0\\BookingCore.3.4.0\\vendor\\laravel\\framework\\src\\Illuminate\\Foundation\\Http\\Kernel.php(165): Illuminate\\Pipeline\\Pipeline->then()
#89 C:\\Users\\ronny\\Downloads\\codecanyon-Q9jOaXmV-booking-core-ultimate-booking-system (1)\\booking-core.3.4.0\\BookingCore.3.4.0\\vendor\\laravel\\framework\\src\\Illuminate\\Foundation\\Http\\Kernel.php(134): Illuminate\\Foundation\\Http\\Kernel->sendRequestThroughRouter()
#90 C:\\Users\\ronny\\Downloads\\codecanyon-Q9jOaXmV-booking-core-ultimate-booking-system (1)\\booking-core.3.4.0\\BookingCore.3.4.0\\public\\index.php(71): Illuminate\\Foundation\\Http\\Kernel->handle()
#91 C:\\Users\\ronny\\Downloads\\codecanyon-Q9jOaXmV-booking-core-ultimate-booking-system (1)\\booking-core.3.4.0\\BookingCore.3.4.0\\server.php(21): require_once('...')
#92 {main}
"} 
[2023-10-12 19:05:45] production.ERROR: filemtime(): stat failed for C:\Users\ronny\Downloads\codecanyon-Q9jOaXmV-booking-core-ultimate-booking-system (1)\booking-core.3.4.0\BookingCore.3.4.0\.env {"exception":"[object] (ErrorException(code: 0): filemtime(): stat failed for C:\\Users\\ronny\\Downloads\\codecanyon-Q9jOaXmV-booking-core-ultimate-booking-system (1)\\booking-core.3.4.0\\BookingCore.3.4.0\\.env at C:\\Users\\ronny\\Downloads\\codecanyon-Q9jOaXmV-booking-core-ultimate-booking-system (1)\\booking-core.3.4.0\\BookingCore.3.4.0\\vendor\\laravel\\framework\\src\\Illuminate\\Foundation\\Console\\ServeCommand.php:109)
[stacktrace]
#0 C:\\Users\\ronny\\Downloads\\codecanyon-Q9jOaXmV-booking-core-ultimate-booking-system (1)\\booking-core.3.4.0\\BookingCore.3.4.0\\vendor\\laravel\\framework\\src\\Illuminate\\Foundation\\Bootstrap\\HandleExceptions.php(270): Illuminate\\Foundation\\Bootstrap\\HandleExceptions->handleError()
#1 [internal function]: Illuminate\\Foundation\\Bootstrap\\HandleExceptions->Illuminate\\Foundation\\Bootstrap\\{closure}()
#2 C:\\Users\\ronny\\Downloads\\codecanyon-Q9jOaXmV-booking-core-ultimate-booking-system (1)\\booking-core.3.4.0\\BookingCore.3.4.0\\vendor\\laravel\\framework\\src\\Illuminate\\Foundation\\Console\\ServeCommand.php(109): filemtime()
#3 C:\\Users\\ronny\\Downloads\\codecanyon-Q9jOaXmV-booking-core-ultimate-booking-system (1)\\booking-core.3.4.0\\BookingCore.3.4.0\\vendor\\laravel\\framework\\src\\Illuminate\\Container\\BoundMethod.php(36): Illuminate\\Foundation\\Console\\ServeCommand->handle()
#4 C:\\Users\\ronny\\Downloads\\codecanyon-Q9jOaXmV-booking-core-ultimate-booking-system (1)\\booking-core.3.4.0\\BookingCore.3.4.0\\vendor\\laravel\\framework\\src\\Illuminate\\Container\\Util.php(41): Illuminate\\Container\\BoundMethod::Illuminate\\Container\\{closure}()
#5 C:\\Users\\ronny\\Downloads\\codecanyon-Q9jOaXmV-booking-core-ultimate-booking-system (1)\\booking-core.3.4.0\\BookingCore.3.4.0\\vendor\\laravel\\framework\\src\\Illuminate\\Container\\BoundMethod.php(93): Illuminate\\Container\\Util::unwrapIfClosure()
#6 C:\\Users\\ronny\\Downloads\\codecanyon-Q9jOaXmV-booking-core-ultimate-booking-system (1)\\booking-core.3.4.0\\BookingCore.3.4.0\\vendor\\laravel\\framework\\src\\Illuminate\\Container\\BoundMethod.php(35): Illuminate\\Container\\BoundMethod::callBoundMethod()
#7 C:\\Users\\ronny\\Downloads\\codecanyon-Q9jOaXmV-booking-core-ultimate-booking-system (1)\\booking-core.3.4.0\\BookingCore.3.4.0\\vendor\\laravel\\framework\\src\\Illuminate\\Container\\Container.php(661): Illuminate\\Container\\BoundMethod::call()
#8 C:\\Users\\ronny\\Downloads\\codecanyon-Q9jOaXmV-booking-core-ultimate-booking-system (1)\\booking-core.3.4.0\\BookingCore.3.4.0\\vendor\\laravel\\framework\\src\\Illuminate\\Console\\Command.php(183): Illuminate\\Container\\Container->call()
#9 C:\\Users\\ronny\\Downloads\\codecanyon-Q9jOaXmV-booking-core-ultimate-booking-system (1)\\booking-core.3.4.0\\BookingCore.3.4.0\\vendor\\symfony\\console\\Command\\Command.php(291): Illuminate\\Console\\Command->execute()
#10 C:\\Users\\ronny\\Downloads\\codecanyon-Q9jOaXmV-booking-core-ultimate-booking-system (1)\\booking-core.3.4.0\\BookingCore.3.4.0\\vendor\\laravel\\framework\\src\\Illuminate\\Console\\Command.php(152): Symfony\\Component\\Console\\Command\\Command->run()
#11 C:\\Users\\ronny\\Downloads\\codecanyon-Q9jOaXmV-booking-core-ultimate-booking-system (1)\\booking-core.3.4.0\\BookingCore.3.4.0\\vendor\\symfony\\console\\Application.php(1014): Illuminate\\Console\\Command->run()
#12 C:\\Users\\ronny\\Downloads\\codecanyon-Q9jOaXmV-booking-core-ultimate-booking-system (1)\\booking-core.3.4.0\\BookingCore.3.4.0\\vendor\\symfony\\console\\Application.php(301): Symfony\\Component\\Console\\Application->doRunCommand()
#13 C:\\Users\\ronny\\Downloads\\codecanyon-Q9jOaXmV-booking-core-ultimate-booking-system (1)\\booking-core.3.4.0\\BookingCore.3.4.0\\vendor\\symfony\\console\\Application.php(171): Symfony\\Component\\Console\\Application->doRun()
#14 C:\\Users\\ronny\\Downloads\\codecanyon-Q9jOaXmV-booking-core-ultimate-booking-system (1)\\booking-core.3.4.0\\BookingCore.3.4.0\\vendor\\laravel\\framework\\src\\Illuminate\\Console\\Application.php(102): Symfony\\Component\\Console\\Application->run()
#15 C:\\Users\\ronny\\Downloads\\codecanyon-Q9jOaXmV-booking-core-ultimate-booking-system (1)\\booking-core.3.4.0\\BookingCore.3.4.0\\vendor\\laravel\\framework\\src\\Illuminate\\Foundation\\Console\\Kernel.php(155): Illuminate\\Console\\Application->run()
#16 C:\\Users\\ronny\\Downloads\\codecanyon-Q9jOaXmV-booking-core-ultimate-booking-system (1)\\booking-core.3.4.0\\BookingCore.3.4.0\\artisan(38): Illuminate\\Foundation\\Console\\Kernel->handle()
#17 {main}
"} 
